Arguments: 
  /Users/buibinh/.nvm/versions/node/v12.18.0/bin/node /Users/buibinh/.nvm/versions/node/v12.18.0/bin/yarn init

PATH: 
  /Users/buibinh/google-cloud-sdk/bin:/Users/buibinh/.nvm/versions/node/v12.18.0/bin:/usr/local/bin:/usr/bin:/bin:/usr/sbin:/sbin:/Library/Apple/usr/bin:/Applications/Postgres.app/Contents/Versions/latest/bin:/Users/buibinh/google-cloud-sdk/bin:/Users/buibinh/.nvm/versions/node/v12.18.0/bin:/Users/buibinh/development/flutter/bin:/Users/buibinh/development/chrome:/Users/buibinh/Library/Android/sdk/platform-tools:/Users/buibinh/Applications/Wireshark.app/Contents/MacOS/extcap:/Users/buibinh/development/flutter/bin:/Users/buibinh/development/chrome:/Users/buibinh/Library/Android/sdk/platform-tools:/Users/buibinh/Applications/Wireshark.app/Contents/MacOS/extcap

Yarn version: 
  1.22.11

Node version: 
  12.18.0

Platform: 
  darwin x64

Trace: 
  SyntaxError: /Users/buibinh/Documents/my/sls-step-functions/package.json: Unexpected end of JSON input
      at JSON.parse (<anonymous>)
      at /Users/buibinh/.nvm/versions/node/v12.18.0/lib/node_modules/yarn/lib/cli.js:1625:59
      at Generator.next (<anonymous>)
      at step (/Users/buibinh/.nvm/versions/node/v12.18.0/lib/node_modules/yarn/lib/cli.js:310:30)
      at /Users/buibinh/.nvm/versions/node/v12.18.0/lib/node_modules/yarn/lib/cli.js:321:13

npm manifest: 
  

yarn manifest: 
  No manifest

Lockfile: 
  No lockfile
